<?xml version="1.0" encoding="UTF-8"?>
<!-- Generated by org.testng.reporters.JUnitReportReporter -->
<testsuite skipped="0" hostname="DESKTOP-MO03C8A" name="com.jbk.LoginTest" tests="1" failures="0" timestamp="14 Mar 2021 15:58:57 GMT" time="13.438" errors="0">
  <testcase name="validLoginTest" time="13.438" classname="com.jbk.LoginTest"/>
</testsuite> <!-- com.jbk.LoginTest -->
